2026-02-27 12:08:47,421 [INFO] ============================================================
2026-02-27 12:08:47,421 [INFO]   IMSS Escritorio Virtual - Scraper de Incapacidades
2026-02-27 12:08:47,421 [INFO]   Modo: EXTRACCIÓN
2026-02-27 12:08:47,421 [INFO] ============================================================
2026-02-27 12:08:51,668 [INFO] Navegando al Escritorio Virtual...
2026-02-27 12:08:54,445 [INFO] Haciendo clic en el botón 'Ingresar'...
2026-02-27 12:08:54,481 [INFO] Esperando a que carguen los iframes del login...
2026-02-27 12:08:57,499 [INFO] Se encontraron 2 iframes. Buscando el formulario de login...
2026-02-27 12:08:57,534 [INFO] ¡Dentro del iframe de login correcto!
2026-02-27 12:08:57,535 [INFO] Iniciando login con RFC: BADJ7612216XA
2026-02-27 12:08:57,535 [INFO] Ruta CER detectada: /Users/jesusgallegosontiveros/Downloads/00001000000708327516.cer
2026-02-27 12:08:57,628 [INFO] Inyectando archivo .cer...
2026-02-27 12:08:57,644 [INFO] Inyectando archivo .key...
2026-02-27 12:08:57,654 [INFO] Escribiendo contraseña...
2026-02-27 12:08:59,701 [INFO] Validando e.firma...
2026-02-27 12:08:59,763 [INFO] Esperando a que la página principal cargue después del login...
2026-02-27 12:09:07,768 [INFO] ¡Login completado con éxito!
2026-02-27 12:09:07,776 [INFO] HTML guardado en debug: debug_escritorio_virtual_inicio.html
2026-02-27 12:09:07,776 [INFO] Abriendo menú de Acciones del registro patronal...
2026-02-27 12:09:37,816 [ERROR] No se pudo abrir el menú de Acciones. Revisa debug_error_portal_patron.html
2026-02-27 12:09:37,829 [INFO] HTML guardado en debug: debug_error_portal_patron.html
2026-02-27 12:09:37,829 [WARNING] No se pudo ingresar al portal patrón. Continuando en portal persona.
2026-02-27 12:09:37,829 [INFO] Buscando la opción 'Consulta incapacidades - Rango de fechas' en el menú...
2026-02-27 12:09:58,184 [ERROR] No se encontró la opción 'Consulta incapacidades'. Revisa debug_error_nav_incapacidades.html
2026-02-27 12:09:58,196 [INFO] HTML guardado en debug: debug_error_nav_incapacidades.html
2026-02-27 12:09:58,196 [ERROR] No se pudo navegar a incapacidades.
2026-02-27 12:09:58,298 [INFO] Navegador cerrado.
