2026-02-27 10:26:37,039 [INFO] ============================================================
2026-02-27 10:26:37,039 [INFO]   IMSS Escritorio Virtual - Scraper de Incapacidades
2026-02-27 10:26:37,039 [INFO]   Modo: EXTRACCIÓN
2026-02-27 10:26:37,039 [INFO] ============================================================
2026-02-27 10:26:38,991 [INFO] Navegando al Escritorio Virtual...
2026-02-27 10:26:41,973 [INFO] Haciendo clic en el botón 'Ingresar'...
2026-02-27 10:26:42,009 [INFO] Esperando a que carguen los iframes del login...
2026-02-27 10:26:45,027 [INFO] Se encontraron 2 iframes. Buscando el formulario de login...
2026-02-27 10:26:45,050 [INFO] ¡Dentro del iframe de login correcto!
2026-02-27 10:26:45,050 [INFO] Iniciando login con RFC: BADJ7612216XA
2026-02-27 10:26:45,051 [INFO] Ruta CER detectada: /Users/jesusgallegosontiveros/Downloads/00001000000708327516.cer
2026-02-27 10:26:45,140 [INFO] Inyectando archivo .cer...
2026-02-27 10:26:45,156 [INFO] Inyectando archivo .key...
2026-02-27 10:26:45,167 [INFO] Escribiendo contraseña...
2026-02-27 10:26:47,217 [INFO] Validando e.firma...
2026-02-27 10:26:47,284 [INFO] Esperando a que la página principal cargue después del login...
2026-02-27 10:26:55,286 [INFO] ¡Login completado con éxito!
2026-02-27 10:26:55,671 [INFO] HTML guardado en debug: debug_escritorio_virtual_inicio.html
2026-02-27 10:26:55,671 [INFO] Abriendo menú de Acciones del registro patronal...
2026-02-27 10:26:55,683 [INFO] Expandiendo portlet patronal para cargar su contenido...
2026-02-27 10:26:58,225 [INFO] Abriendo dropdown de Acciones para A8084992107...
2026-02-27 10:26:59,299 [INFO] Menú de Acciones desplegado.
2026-02-27 10:27:01,320 [INFO] HTML guardado en debug: debug_portal_patron_dropdown.html
2026-02-27 10:27:01,320 [INFO] Buscando la opción 'Consulta incapacidades - Rango de fechas' en el menú...
2026-02-27 10:27:01,854 [INFO] ¡Clic en 'Consulta incapacidades - Rango de fechas' exitoso!
2026-02-27 10:27:01,854 [INFO] Esperando a que cargue el módulo de incapacidades...
2026-02-27 10:27:09,881 [INFO] HTML guardado en debug: debug_incapacidades_pagina.html
2026-02-27 10:27:09,919 [INFO] No se detectaron filtros de fecha.
2026-02-27 10:27:09,925 [INFO] Tablas encontradas: 1
2026-02-27 10:27:09,965 [INFO]   Tabla 1: 1 registros acumulados.
2026-02-27 10:27:09,967 [INFO] CSV guardado: /Users/jesusgallegosontiveros/Documents/Proyectos/scraper/resultados/incapacidades_ev_20260227_102637.csv (1 registros)
2026-02-27 10:27:09,967 [INFO] Proceso completado. CSV → /Users/jesusgallegosontiveros/Documents/Proyectos/scraper/resultados/incapacidades_ev_20260227_102637.csv
2026-02-27 10:27:10,118 [INFO] Navegador cerrado.
