2026-02-26 15:41:18,438 [INFO] ============================================================
2026-02-26 15:41:18,439 [INFO]   IMSS Escritorio Virtual - Scraper de Incapacidades
2026-02-26 15:41:18,439 [INFO]   Modo: EXTRACCIÓN
2026-02-26 15:41:18,439 [INFO] ============================================================
2026-02-26 15:41:21,223 [INFO] Navegando al Escritorio Virtual...
2026-02-26 15:41:23,980 [INFO] Haciendo clic en el botón 'Ingresar'...
2026-02-26 15:41:24,029 [INFO] Esperando a que carguen los iframes del login...
2026-02-26 15:41:27,047 [INFO] Se encontraron 2 iframes. Buscando el formulario de login...
2026-02-26 15:41:27,073 [INFO] ¡Dentro del iframe de login correcto!
2026-02-26 15:41:27,073 [INFO] Iniciando login con RFC: BADJ7612216XA
2026-02-26 15:41:27,073 [INFO] Ruta CER detectada: /Users/jesusgallegosontiveros/Downloads/00001000000708327516.cer
2026-02-26 15:41:27,167 [INFO] Inyectando archivo .cer...
2026-02-26 15:41:27,187 [INFO] Inyectando archivo .key...
2026-02-26 15:41:27,201 [INFO] Escribiendo contraseña...
2026-02-26 15:41:29,284 [INFO] Validando e.firma...
2026-02-26 15:41:29,373 [INFO] Esperando a que la página principal cargue después del login...
2026-02-26 15:41:37,378 [INFO] ¡Login completado con éxito!
2026-02-26 15:41:37,391 [INFO] HTML guardado en debug: debug_escritorio_virtual_inicio.html
2026-02-26 15:41:37,391 [INFO] Ingresando al portal patrón...
2026-02-26 15:41:37,402 [INFO] Expandiendo portlet patronal para cargar su contenido...
2026-02-26 15:41:39,927 [INFO] Seleccionando registro patronal A8084992107...
2026-02-26 15:41:45,753 [INFO] HTML guardado en debug: debug_portal_patron.html
2026-02-26 15:41:45,754 [INFO] Portal patrón cargado: https://serviciosdigitales.imss.gob.mx/portal-web/portal/patron/ingresar/
2026-02-26 15:41:45,754 [INFO] Navegando a Incapacidades a través del menú 'Acciones'...
2026-02-26 15:41:45,754 [INFO] Buscando el acordeón 'Mis registros patronales'...
2026-02-26 15:42:06,145 [INFO] No se encontró el acordeón con ese texto exacto, o ya estaba visible. Continuando...
2026-02-26 15:42:06,146 [INFO] Buscando el botón 'Acciones' para el RP A8084992107...
2026-02-26 15:42:07,175 [INFO] Clic en el botón 'Acciones' realizado. Esperando menú desplegable...
2026-02-26 15:42:09,177 [INFO] Buscando la opción 'Consulta incapacidades - Rango de fechas'...
2026-02-26 15:42:29,534 [ERROR] No se pudo completar la ruta de navegación ('Acciones' -> 'Consulta').
2026-02-26 15:42:29,534 [ERROR] Revisa el archivo debug_error_nav_incapacidades.html para ver la pantalla en el punto de fallo.
2026-02-26 15:42:29,546 [INFO] HTML guardado en debug: debug_error_nav_incapacidades.html
2026-02-26 15:42:29,546 [ERROR] No se pudo navegar a incapacidades.
2026-02-26 15:42:29,687 [INFO] Navegador cerrado.
