2026-02-26 15:46:11,282 [INFO] ============================================================
2026-02-26 15:46:11,282 [INFO]   IMSS Escritorio Virtual - Scraper de Incapacidades
2026-02-26 15:46:11,282 [INFO]   Modo: EXTRACCIÓN
2026-02-26 15:46:11,282 [INFO] ============================================================
2026-02-26 15:46:13,150 [INFO] Navegando al Escritorio Virtual...
2026-02-26 15:46:13,432 [INFO] Haciendo clic en el botón 'Ingresar'...
2026-02-26 15:46:15,994 [INFO] Esperando a que carguen los iframes del login...
2026-02-26 15:46:19,013 [INFO] Se encontraron 2 iframes. Buscando el formulario de login...
2026-02-26 15:46:19,037 [INFO] ¡Dentro del iframe de login correcto!
2026-02-26 15:46:19,037 [INFO] Iniciando login con RFC: BADJ7612216XA
2026-02-26 15:46:19,037 [INFO] Ruta CER detectada: /Users/jesusgallegosontiveros/Downloads/00001000000708327516.cer
2026-02-26 15:46:19,107 [INFO] Inyectando archivo .cer...
2026-02-26 15:46:19,123 [INFO] Inyectando archivo .key...
2026-02-26 15:46:19,135 [INFO] Escribiendo contraseña...
2026-02-26 15:46:21,174 [INFO] Validando e.firma...
2026-02-26 15:46:21,235 [INFO] Esperando a que la página principal cargue después del login...
2026-02-26 15:46:29,240 [INFO] ¡Login completado con éxito!
2026-02-26 15:46:29,318 [INFO] HTML guardado en debug: debug_escritorio_virtual_inicio.html
2026-02-26 15:46:29,318 [INFO] Ingresando al portal patrón...
2026-02-26 15:46:29,327 [INFO] Expandiendo portlet patronal para cargar su contenido...
2026-02-26 15:46:31,853 [INFO] Seleccionando registro patronal A8084992107...
2026-02-26 15:46:37,868 [INFO] HTML guardado en debug: debug_portal_patron.html
2026-02-26 15:46:37,870 [INFO] Portal patrón cargado: https://serviciosdigitales.imss.gob.mx/portal-web/portal/patron/ingresar/
2026-02-26 15:46:37,870 [INFO] Navegando a Incapacidades a través del menú 'Acciones'...
2026-02-26 15:46:37,870 [INFO] Buscando el acordeón 'Mis registros patronales'...
2026-02-26 15:46:58,262 [INFO] No se encontró el acordeón con ese texto exacto, o ya estaba visible. Continuando...
2026-02-26 15:46:58,263 [INFO] Buscando el botón 'Acciones' para el RP A8084992107...
2026-02-26 15:46:59,293 [INFO] Clic en el botón 'Acciones' realizado. Esperando menú desplegable...
2026-02-26 15:47:01,298 [INFO] Buscando la opción 'Consulta incapacidades - Rango de fechas'...
2026-02-26 15:47:21,680 [ERROR] No se pudo completar la ruta de navegación ('Acciones' -> 'Consulta').
2026-02-26 15:47:21,681 [ERROR] Revisa el archivo debug_error_nav_incapacidades.html para ver la pantalla en el punto de fallo.
2026-02-26 15:47:21,694 [INFO] HTML guardado en debug: debug_error_nav_incapacidades.html
2026-02-26 15:47:21,694 [ERROR] No se pudo navegar a incapacidades.
2026-02-26 15:47:21,821 [INFO] Navegador cerrado.
