2026-02-27 11:06:10,623 [INFO] ============================================================
2026-02-27 11:06:10,623 [INFO]   IMSS Escritorio Virtual - Scraper de Incapacidades
2026-02-27 11:06:10,623 [INFO]   Modo: EXTRACCIÓN
2026-02-27 11:06:10,623 [INFO] ============================================================
2026-02-27 11:06:11,922 [INFO] Navegando al Escritorio Virtual...
2026-02-27 11:06:14,278 [INFO] Haciendo clic en el botón 'Ingresar'...
2026-02-27 11:06:14,313 [INFO] Esperando a que carguen los iframes del login...
2026-02-27 11:06:17,333 [INFO] Se encontraron 2 iframes. Buscando el formulario de login...
2026-02-27 11:06:17,356 [INFO] ¡Dentro del iframe de login correcto!
2026-02-27 11:06:17,356 [INFO] Iniciando login con RFC: BADJ7612216XA
2026-02-27 11:06:17,356 [INFO] Ruta CER detectada: /Users/jesusgallegosontiveros/Downloads/00001000000708327516.cer
2026-02-27 11:06:17,462 [INFO] Inyectando archivo .cer...
2026-02-27 11:06:17,481 [INFO] Inyectando archivo .key...
2026-02-27 11:06:17,493 [INFO] Escribiendo contraseña...
2026-02-27 11:06:19,543 [INFO] Validando e.firma...
2026-02-27 11:06:19,607 [INFO] Esperando a que la página principal cargue después del login...
2026-02-27 11:06:27,613 [INFO] ¡Login completado con éxito!
2026-02-27 11:06:30,722 [INFO] HTML guardado en debug: debug_escritorio_virtual_inicio.html
2026-02-27 11:06:30,722 [INFO] Abriendo menú de Acciones del registro patronal...
2026-02-27 11:06:33,027 [INFO] Expandiendo portlet patronal para cargar su contenido...
2026-02-27 11:06:35,552 [INFO] Abriendo dropdown de Acciones para A8084992107...
2026-02-27 11:06:36,603 [INFO] Menú de Acciones desplegado.
2026-02-27 11:06:38,622 [INFO] HTML guardado en debug: debug_portal_patron_dropdown.html
2026-02-27 11:06:38,622 [INFO] Buscando la opción 'Consulta incapacidades - Rango de fechas' en el menú...
2026-02-27 11:06:39,154 [INFO] ¡Clic en 'Consulta incapacidades - Rango de fechas' exitoso!
2026-02-27 11:06:39,155 [INFO] Esperando a que cargue el módulo de incapacidades...
2026-02-27 11:06:47,158 [INFO] Ingresando NSS: 33017829533...
2026-02-27 11:07:07,533 [ERROR] No se encontró la opción 'Consulta incapacidades'. Revisa debug_error_nav_incapacidades.html
2026-02-27 11:07:07,547 [INFO] HTML guardado en debug: debug_error_nav_incapacidades.html
2026-02-27 11:07:07,548 [ERROR] No se pudo navegar a incapacidades.
2026-02-27 11:07:07,695 [INFO] Navegador cerrado.
