2026-02-25 14:04:31,849 [INFO] ============================================================
2026-02-25 14:04:31,849 [INFO]   IMSS Escritorio Virtual - Scraper de Incapacidades
2026-02-25 14:04:31,849 [INFO] ============================================================
2026-02-25 14:04:34,462 [INFO] Navegando al Escritorio Virtual...
2026-02-25 14:04:42,207 [INFO] Haciendo clic en el botón 'Ingresar'...
2026-02-25 14:04:42,268 [INFO] Esperando a que carguen los iframes del login...
2026-02-25 14:05:02,698 [ERROR] Error durante el login: Message: 
Stacktrace:
0   msedgedriver                        0x00000001027e7c80 msedgedriver + 6028416
1   msedgedriver                        0x00000001027df6f8 msedgedriver + 5994232
2   msedgedriver                        0x000000010227531c msedgedriver + 316188
3   msedgedriver                        0x00000001022c128c msedgedriver + 627340
4   msedgedriver                        0x00000001022ffd30 msedgedriver + 884016
5   msedgedriver                        0x00000001022b55a0 msedgedriver + 578976
6   msedgedriver                        0x00000001027a248c msedgedriver + 5743756
7   msedgedriver                        0x00000001027a6524 msedgedriver + 5760292
8   msedgedriver                        0x0000000102785dec msedgedriver + 5627372
9   msedgedriver                        0x00000001027a6d84 msedgedriver + 5762436
10  msedgedriver                        0x0000000102776e34 msedgedriver + 5566004
11  msedgedriver                        0x00000001027cc878 msedgedriver + 5916792
12  msedgedriver                        0x00000001027cc99c msedgedriver + 5917084
13  msedgedriver                        0x00000001027df2fc msedgedriver + 5993212
14  libsystem_pthread.dylib             0x0000000183ae5c08 _pthread_start + 136
15  libsystem_pthread.dylib             0x0000000183ae0ba8 thread_start + 8

2026-02-25 14:05:02,705 [INFO] HTML guardado en debug: debug_error_login_ev.html
2026-02-25 14:05:02,705 [ERROR] Login fallido. Revisa la carpeta 'debug' para ver en dónde se atascó.
2026-02-25 14:05:02,798 [INFO] Navegador cerrado.
