2026-02-27 10:47:14,622 [INFO] ============================================================
2026-02-27 10:47:14,622 [INFO]   IMSS Escritorio Virtual - Scraper de Incapacidades
2026-02-27 10:47:14,622 [INFO]   Modo: EXTRACCIÓN
2026-02-27 10:47:14,622 [INFO] ============================================================
2026-02-27 10:47:15,659 [INFO] Navegando al Escritorio Virtual...
2026-02-27 10:47:18,026 [INFO] Haciendo clic en el botón 'Ingresar'...
2026-02-27 10:47:18,061 [INFO] Esperando a que carguen los iframes del login...
2026-02-27 10:47:21,080 [INFO] Se encontraron 2 iframes. Buscando el formulario de login...
2026-02-27 10:47:21,106 [INFO] ¡Dentro del iframe de login correcto!
2026-02-27 10:47:21,107 [INFO] Iniciando login con RFC: BADJ7612216XA
2026-02-27 10:47:21,107 [INFO] Ruta CER detectada: /Users/jesusgallegosontiveros/Downloads/00001000000708327516.cer
2026-02-27 10:47:21,189 [INFO] Inyectando archivo .cer...
2026-02-27 10:47:21,207 [INFO] Inyectando archivo .key...
2026-02-27 10:47:21,221 [INFO] Escribiendo contraseña...
2026-02-27 10:47:23,271 [INFO] Validando e.firma...
2026-02-27 10:47:23,336 [INFO] Esperando a que la página principal cargue después del login...
2026-02-27 10:47:31,341 [INFO] ¡Login completado con éxito!
2026-02-27 10:47:31,359 [INFO] HTML guardado en debug: debug_escritorio_virtual_inicio.html
2026-02-27 10:47:31,359 [INFO] Abriendo menú de Acciones del registro patronal...
2026-02-27 10:47:31,371 [INFO] Expandiendo portlet patronal para cargar su contenido...
2026-02-27 10:47:33,898 [INFO] Abriendo dropdown de Acciones para A8084992107...
2026-02-27 10:47:34,943 [INFO] Menú de Acciones desplegado.
2026-02-27 10:47:36,962 [INFO] HTML guardado en debug: debug_portal_patron_dropdown.html
2026-02-27 10:47:36,963 [INFO] Buscando la opción 'Consulta incapacidades - Rango de fechas' en el menú...
2026-02-27 10:47:37,491 [INFO] ¡Clic en 'Consulta incapacidades - Rango de fechas' exitoso!
2026-02-27 10:47:37,491 [INFO] Esperando a que cargue el módulo de incapacidades...
2026-02-27 10:47:45,515 [INFO] HTML guardado en debug: debug_incapacidades_pagina.html
2026-02-27 10:47:45,544 [INFO] No se detectaron filtros de fecha.
2026-02-27 10:47:45,547 [INFO] Tablas encontradas: 1
2026-02-27 10:47:45,579 [INFO]   Tabla 1: 1 registros acumulados.
2026-02-27 10:47:45,580 [INFO] CSV guardado: /Users/jesusgallegosontiveros/Documents/Proyectos/scraper/resultados/incapacidades_ev_20260227_104714.csv (1 registros)
2026-02-27 10:47:45,580 [INFO] Proceso completado. CSV → /Users/jesusgallegosontiveros/Documents/Proyectos/scraper/resultados/incapacidades_ev_20260227_104714.csv
2026-02-27 10:47:45,704 [INFO] Navegador cerrado.
