2026-02-26 15:47:44,893 [INFO] ============================================================
2026-02-26 15:47:44,893 [INFO]   IMSS Escritorio Virtual - Scraper de Incapacidades
2026-02-26 15:47:44,893 [INFO]   Modo: EXTRACCIÓN
2026-02-26 15:47:44,893 [INFO] ============================================================
2026-02-26 15:47:46,663 [INFO] Navegando al Escritorio Virtual...
2026-02-26 15:47:49,607 [INFO] Haciendo clic en el botón 'Ingresar'...
2026-02-26 15:47:49,646 [INFO] Esperando a que carguen los iframes del login...
2026-02-26 15:47:53,172 [INFO] Se encontraron 1 iframes. Buscando el formulario de login...
2026-02-26 15:47:53,189 [INFO] ¡Dentro del iframe de login correcto!
2026-02-26 15:47:53,189 [INFO] Iniciando login con RFC: BADJ7612216XA
2026-02-26 15:47:53,190 [INFO] Ruta CER detectada: /Users/jesusgallegosontiveros/Downloads/00001000000708327516.cer
2026-02-26 15:47:53,303 [INFO] Inyectando archivo .cer...
2026-02-26 15:47:53,328 [INFO] Inyectando archivo .key...
2026-02-26 15:47:53,346 [INFO] Escribiendo contraseña...
2026-02-26 15:47:55,398 [INFO] Validando e.firma...
2026-02-26 15:47:55,467 [INFO] Esperando a que la página principal cargue después del login...
2026-02-26 15:48:03,472 [INFO] ¡Login completado con éxito!
2026-02-26 15:48:03,509 [INFO] HTML guardado en debug: debug_escritorio_virtual_inicio.html
2026-02-26 15:48:03,509 [INFO] Ingresando al portal patrón...
2026-02-26 15:48:03,519 [INFO] Expandiendo portlet patronal para cargar su contenido...
2026-02-26 15:48:06,048 [INFO] Seleccionando registro patronal A8084992107...
2026-02-26 15:48:11,880 [INFO] HTML guardado en debug: debug_portal_patron.html
2026-02-26 15:48:11,883 [INFO] Portal patrón cargado: https://serviciosdigitales.imss.gob.mx/portal-web/portal/patron/ingresar/
2026-02-26 15:48:11,883 [INFO] Navegando a Incapacidades a través del menú 'Acciones'...
2026-02-26 15:48:11,883 [INFO] Buscando el acordeón 'Mis registros patronales'...
2026-02-26 15:48:32,262 [INFO] No se encontró el acordeón con ese texto exacto, o ya estaba visible. Continuando...
2026-02-26 15:48:32,263 [INFO] Buscando el botón 'Acciones' para el RP A8084992107...
2026-02-26 15:48:33,302 [INFO] Clic en el botón 'Acciones' realizado. Esperando menú desplegable...
2026-02-26 15:48:35,307 [INFO] Buscando la opción 'Consulta incapacidades - Rango de fechas'...
2026-02-26 15:48:55,703 [ERROR] No se pudo completar la ruta de navegación ('Acciones' -> 'Consulta').
2026-02-26 15:48:55,704 [ERROR] Revisa el archivo debug_error_nav_incapacidades.html para ver la pantalla en el punto de fallo.
2026-02-26 15:48:55,717 [INFO] HTML guardado en debug: debug_error_nav_incapacidades.html
2026-02-26 15:48:55,717 [ERROR] No se pudo navegar a incapacidades.
2026-02-26 15:48:55,831 [INFO] Navegador cerrado.
