2026-02-27 10:17:34,821 [INFO] ============================================================
2026-02-27 10:17:34,821 [INFO]   IMSS Escritorio Virtual - Scraper de Incapacidades
2026-02-27 10:17:34,821 [INFO]   Modo: EXTRACCIÓN
2026-02-27 10:17:34,821 [INFO] ============================================================
2026-02-27 10:17:37,237 [INFO] Navegando al Escritorio Virtual...
2026-02-27 10:17:39,847 [INFO] Haciendo clic en el botón 'Ingresar'...
2026-02-27 10:17:39,888 [INFO] Esperando a que carguen los iframes del login...
2026-02-27 10:17:42,905 [INFO] Se encontraron 2 iframes. Buscando el formulario de login...
2026-02-27 10:17:42,926 [INFO] ¡Dentro del iframe de login correcto!
2026-02-27 10:17:42,926 [INFO] Iniciando login con RFC: BADJ7612216XA
2026-02-27 10:17:42,926 [INFO] Ruta CER detectada: /Users/jesusgallegosontiveros/Downloads/00001000000708327516.cer
2026-02-27 10:17:43,027 [INFO] Inyectando archivo .cer...
2026-02-27 10:17:43,045 [INFO] Inyectando archivo .key...
2026-02-27 10:17:43,072 [INFO] Escribiendo contraseña...
2026-02-27 10:17:45,163 [INFO] Validando e.firma...
2026-02-27 10:17:45,233 [INFO] Esperando a que la página principal cargue después del login...
2026-02-27 10:17:53,236 [INFO] ¡Login completado con éxito!
2026-02-27 10:17:53,881 [INFO] HTML guardado en debug: debug_escritorio_virtual_inicio.html
2026-02-27 10:17:53,881 [INFO] Abriendo menú de Acciones del registro patronal...
2026-02-27 10:17:53,892 [INFO] Expandiendo portlet patronal para cargar su contenido...
2026-02-27 10:17:56,478 [INFO] Abriendo dropdown de Acciones para A8084992107...
2026-02-27 10:17:57,594 [INFO] Menú de Acciones desplegado.
2026-02-27 10:17:59,617 [INFO] HTML guardado en debug: debug_portal_patron_dropdown.html
2026-02-27 10:17:59,617 [INFO] Buscando la opción 'Consulta incapacidades - Rango de fechas' en el menú...
2026-02-27 10:18:20,022 [ERROR] No se encontró la opción 'Consulta incapacidades'. Revisa debug_error_nav_incapacidades.html
2026-02-27 10:18:20,037 [INFO] HTML guardado en debug: debug_error_nav_incapacidades.html
2026-02-27 10:18:20,037 [ERROR] No se pudo navegar a incapacidades.
2026-02-27 10:18:20,207 [INFO] Navegador cerrado.
