2026-02-27 13:02:28,854 [INFO] ============================================================
2026-02-27 13:02:28,854 [INFO]   IMSS Escritorio Virtual - Scraper de Incapacidades
2026-02-27 13:02:28,854 [INFO]   Modo: EXTRACCIÓN
2026-02-27 13:02:28,854 [INFO] ============================================================
2026-02-27 13:02:30,999 [INFO] Navegando al Escritorio Virtual...
2026-02-27 13:02:33,875 [INFO] Haciendo clic en el botón 'Ingresar'...
2026-02-27 13:02:33,931 [INFO] Esperando a que carguen los iframes del login...
2026-02-27 13:02:54,288 [ERROR] Error durante el login: Message: 
Stacktrace:
0   msedgedriver                        0x0000000104f7fc80 msedgedriver + 6028416
1   msedgedriver                        0x0000000104f776f8 msedgedriver + 5994232
2   msedgedriver                        0x0000000104a0d31c msedgedriver + 316188
3   msedgedriver                        0x0000000104a5928c msedgedriver + 627340
4   msedgedriver                        0x0000000104a97d30 msedgedriver + 884016
5   msedgedriver                        0x0000000104a4d5a0 msedgedriver + 578976
6   msedgedriver                        0x0000000104f3a48c msedgedriver + 5743756
7   msedgedriver                        0x0000000104f3e524 msedgedriver + 5760292
8   msedgedriver                        0x0000000104f1ddec msedgedriver + 5627372
9   msedgedriver                        0x0000000104f3ed84 msedgedriver + 5762436
10  msedgedriver                        0x0000000104f0ee34 msedgedriver + 5566004
11  msedgedriver                        0x0000000104f64878 msedgedriver + 5916792
12  msedgedriver                        0x0000000104f6499c msedgedriver + 5917084
13  msedgedriver                        0x0000000104f772fc msedgedriver + 5993212
14  libsystem_pthread.dylib             0x0000000183ae5c08 _pthread_start + 136
15  libsystem_pthread.dylib             0x0000000183ae0ba8 thread_start + 8

2026-02-27 13:02:54,294 [INFO] HTML guardado en debug: debug_error_login_ev.html
2026-02-27 13:02:54,294 [ERROR] Login fallido. Revisa la carpeta 'debug' para ver en dónde se atascó.
2026-02-27 13:02:54,408 [INFO] Navegador cerrado.
