2026-02-27 12:06:31,492 [INFO] ============================================================
2026-02-27 12:06:31,492 [INFO]   IMSS Escritorio Virtual - Scraper de Incapacidades
2026-02-27 12:06:31,492 [INFO]   Modo: EXTRACCIÓN
2026-02-27 12:06:31,492 [INFO] ============================================================
2026-02-27 12:06:34,854 [INFO] Navegando al Escritorio Virtual...
2026-02-27 12:06:41,478 [INFO] Haciendo clic en el botón 'Ingresar'...
2026-02-27 12:06:41,525 [INFO] Esperando a que carguen los iframes del login...
2026-02-27 12:06:44,546 [INFO] Se encontraron 2 iframes. Buscando el formulario de login...
2026-02-27 12:06:44,578 [INFO] ¡Dentro del iframe de login correcto!
2026-02-27 12:06:44,578 [INFO] Iniciando login con RFC: BADJ7612216XA
2026-02-27 12:06:44,578 [INFO] Ruta CER detectada: /Users/jesusgallegosontiveros/Downloads/00001000000708327516.cer
2026-02-27 12:06:44,686 [INFO] Inyectando archivo .cer...
2026-02-27 12:06:44,716 [INFO] Inyectando archivo .key...
2026-02-27 12:06:44,731 [INFO] Escribiendo contraseña...
2026-02-27 12:06:46,791 [INFO] Validando e.firma...
2026-02-27 12:06:46,860 [INFO] Esperando a que la página principal cargue después del login...
2026-02-27 12:06:54,863 [INFO] ¡Login completado con éxito!
2026-02-27 12:06:55,345 [INFO] HTML guardado en debug: debug_escritorio_virtual_inicio.html
2026-02-27 12:06:55,345 [INFO] Abriendo menú de Acciones del registro patronal...
2026-02-27 12:06:55,355 [INFO] Expandiendo portlet patronal para cargar su contenido...
2026-02-27 12:06:57,887 [INFO] Abriendo dropdown de Acciones para A8084992107...
2026-02-27 12:06:58,955 [INFO] Menú de Acciones desplegado.
2026-02-27 12:07:00,970 [INFO] HTML guardado en debug: debug_portal_patron_dropdown.html
2026-02-27 12:07:00,970 [INFO] Buscando la opción 'Consulta incapacidades - Rango de fechas' en el menú...
2026-02-27 12:07:01,498 [INFO] ¡Clic en 'Consulta incapacidades - Rango de fechas' exitoso!
2026-02-27 12:07:01,498 [INFO] Esperando a que cargue el módulo de incapacidades...
2026-02-27 12:07:09,502 [INFO] Ingresando NSS: 33017829533...
2026-02-27 12:07:29,879 [ERROR] No se encontró la opción 'Consulta incapacidades'. Revisa debug_error_nav_incapacidades.html
2026-02-27 12:07:29,894 [INFO] HTML guardado en debug: debug_error_nav_incapacidades.html
2026-02-27 12:07:29,894 [ERROR] No se pudo navegar a incapacidades.
2026-02-27 12:07:29,996 [INFO] Navegador cerrado.
