2026-02-27 12:53:37,277 [INFO] ============================================================
2026-02-27 12:53:37,278 [INFO]   IMSS Escritorio Virtual - Scraper de Incapacidades
2026-02-27 12:53:37,278 [INFO]   Modo: EXTRACCIÓN
2026-02-27 12:53:37,278 [INFO] ============================================================
2026-02-27 12:53:40,148 [INFO] Navegando al Escritorio Virtual...
2026-02-27 12:53:43,213 [INFO] Haciendo clic en el botón 'Ingresar'...
2026-02-27 12:53:43,255 [INFO] Esperando a que carguen los iframes del login...
2026-02-27 12:53:46,272 [INFO] Se encontraron 2 iframes. Buscando el formulario de login...
2026-02-27 12:53:46,295 [INFO] ¡Dentro del iframe de login correcto!
2026-02-27 12:53:46,296 [INFO] Iniciando login con RFC: BADJ7612216XA
2026-02-27 12:53:46,296 [INFO] Ruta CER detectada: /Users/jesusgallegosontiveros/Downloads/00001000000708327516.cer
2026-02-27 12:53:46,377 [INFO] Inyectando archivo .cer...
2026-02-27 12:53:46,393 [INFO] Inyectando archivo .key...
2026-02-27 12:53:46,405 [INFO] Escribiendo contraseña...
2026-02-27 12:53:48,456 [INFO] Validando e.firma...
2026-02-27 12:53:48,519 [INFO] Esperando a que la página principal cargue después del login...
2026-02-27 12:53:56,524 [INFO] ¡Login completado con éxito!
2026-02-27 12:53:59,127 [INFO] HTML guardado en debug: debug_escritorio_virtual_inicio.html
2026-02-27 12:53:59,127 [INFO] Abriendo menú de Acciones del registro patronal...
2026-02-27 12:53:59,137 [INFO] Expandiendo portlet patronal para cargar su contenido...
2026-02-27 12:54:01,933 [INFO] Abriendo dropdown de Acciones para A8084992107...
2026-02-27 12:54:02,988 [INFO] Menú de Acciones desplegado.
2026-02-27 12:54:05,002 [INFO] HTML guardado en debug: debug_portal_patron_dropdown.html
2026-02-27 12:54:05,002 [INFO] Buscando la opción 'Consulta incapacidades - Rango de fechas' en el menú...
2026-02-27 12:54:05,532 [INFO] ¡Clic en 'Consulta incapacidades - Rango de fechas' exitoso!
2026-02-27 12:54:05,532 [INFO] Esperando a que cargue el módulo de incapacidades...
2026-02-27 12:54:13,534 [INFO] Ingresando NSS: 33017829533...
2026-02-27 12:54:33,989 [ERROR] No se encontró la opción 'Consulta incapacidades'. Revisa debug_error_nav_incapacidades.html
2026-02-27 12:54:34,004 [INFO] HTML guardado en debug: debug_error_nav_incapacidades.html
2026-02-27 12:54:34,004 [ERROR] No se pudo navegar a incapacidades.
2026-02-27 12:54:34,234 [INFO] Navegador cerrado.
