2026-02-27 11:20:58,165 [INFO] ============================================================
2026-02-27 11:20:58,165 [INFO]   IMSS Escritorio Virtual - Scraper de Incapacidades
2026-02-27 11:20:58,165 [INFO]   Modo: EXTRACCIÓN
2026-02-27 11:20:58,165 [INFO] ============================================================
2026-02-27 11:21:00,072 [INFO] Navegando al Escritorio Virtual...
2026-02-27 11:21:02,575 [INFO] Haciendo clic en el botón 'Ingresar'...
2026-02-27 11:21:02,616 [INFO] Esperando a que carguen los iframes del login...
2026-02-27 11:21:05,636 [INFO] Se encontraron 2 iframes. Buscando el formulario de login...
2026-02-27 11:21:05,660 [INFO] ¡Dentro del iframe de login correcto!
2026-02-27 11:21:05,660 [INFO] Iniciando login con RFC: BADJ7612216XA
2026-02-27 11:21:05,660 [INFO] Ruta CER detectada: /Users/jesusgallegosontiveros/Downloads/00001000000708327516.cer
2026-02-27 11:21:05,758 [INFO] Inyectando archivo .cer...
2026-02-27 11:21:05,776 [INFO] Inyectando archivo .key...
2026-02-27 11:21:05,788 [INFO] Escribiendo contraseña...
2026-02-27 11:21:07,848 [INFO] Validando e.firma...
2026-02-27 11:21:07,916 [INFO] Esperando a que la página principal cargue después del login...
2026-02-27 11:21:15,918 [INFO] ¡Login completado con éxito!
2026-02-27 11:21:17,278 [INFO] HTML guardado en debug: debug_escritorio_virtual_inicio.html
2026-02-27 11:21:17,278 [INFO] Abriendo menú de Acciones del registro patronal...
2026-02-27 11:21:17,288 [INFO] Expandiendo portlet patronal para cargar su contenido...
2026-02-27 11:21:19,812 [INFO] Abriendo dropdown de Acciones para A8084992107...
2026-02-27 11:21:20,869 [INFO] Menú de Acciones desplegado.
2026-02-27 11:21:22,888 [INFO] HTML guardado en debug: debug_portal_patron_dropdown.html
2026-02-27 11:21:22,888 [INFO] Buscando la opción 'Consulta incapacidades - Rango de fechas' en el menú...
2026-02-27 11:21:23,417 [INFO] ¡Clic en 'Consulta incapacidades - Rango de fechas' exitoso!
2026-02-27 11:21:23,417 [INFO] Esperando a que cargue el módulo de incapacidades...
2026-02-27 11:21:31,418 [INFO] Ingresando NSS: 33017829533...
2026-02-27 11:21:51,792 [ERROR] No se encontró la opción 'Consulta incapacidades'. Revisa debug_error_nav_incapacidades.html
2026-02-27 11:21:51,806 [INFO] HTML guardado en debug: debug_error_nav_incapacidades.html
2026-02-27 11:21:51,806 [ERROR] No se pudo navegar a incapacidades.
2026-02-27 11:21:51,986 [INFO] Navegador cerrado.
