2026-02-27 11:14:29,981 [INFO] ============================================================
2026-02-27 11:14:29,981 [INFO]   IMSS Escritorio Virtual - Scraper de Incapacidades
2026-02-27 11:14:29,981 [INFO]   Modo: EXTRACCIÓN
2026-02-27 11:14:29,981 [INFO] ============================================================
2026-02-27 11:14:32,254 [INFO] Navegando al Escritorio Virtual...
2026-02-27 11:14:34,831 [INFO] Haciendo clic en el botón 'Ingresar'...
2026-02-27 11:14:34,892 [INFO] Esperando a que carguen los iframes del login...
2026-02-27 11:14:37,911 [INFO] Se encontraron 2 iframes. Buscando el formulario de login...
2026-02-27 11:14:37,935 [INFO] ¡Dentro del iframe de login correcto!
2026-02-27 11:14:37,936 [INFO] Iniciando login con RFC: BADJ7612216XA
2026-02-27 11:14:37,936 [INFO] Ruta CER detectada: /Users/jesusgallegosontiveros/Downloads/00001000000708327516.cer
2026-02-27 11:14:38,018 [INFO] Inyectando archivo .cer...
2026-02-27 11:14:38,036 [INFO] Inyectando archivo .key...
2026-02-27 11:14:38,047 [INFO] Escribiendo contraseña...
2026-02-27 11:14:40,109 [INFO] Validando e.firma...
2026-02-27 11:14:40,171 [INFO] Esperando a que la página principal cargue después del login...
2026-02-27 11:14:48,176 [INFO] ¡Login completado con éxito!
2026-02-27 11:14:48,191 [INFO] HTML guardado en debug: debug_escritorio_virtual_inicio.html
2026-02-27 11:14:48,191 [INFO] Abriendo menú de Acciones del registro patronal...
2026-02-27 11:14:48,202 [INFO] Expandiendo portlet patronal para cargar su contenido...
2026-02-27 11:14:50,737 [INFO] Abriendo dropdown de Acciones para A8084992107...
2026-02-27 11:14:51,789 [INFO] Menú de Acciones desplegado.
2026-02-27 11:14:53,812 [INFO] HTML guardado en debug: debug_portal_patron_dropdown.html
2026-02-27 11:14:53,812 [INFO] Buscando la opción 'Consulta incapacidades - Rango de fechas' en el menú...
2026-02-27 11:14:54,343 [INFO] ¡Clic en 'Consulta incapacidades - Rango de fechas' exitoso!
2026-02-27 11:14:54,343 [INFO] Esperando a que cargue el módulo de incapacidades...
2026-02-27 11:15:02,347 [INFO] Ingresando NSS: 33017829533...
2026-02-27 11:15:22,731 [ERROR] No se encontró la opción 'Consulta incapacidades'. Revisa debug_error_nav_incapacidades.html
2026-02-27 11:15:22,749 [INFO] HTML guardado en debug: debug_error_nav_incapacidades.html
2026-02-27 11:15:22,749 [ERROR] No se pudo navegar a incapacidades.
2026-02-27 11:15:22,916 [INFO] Navegador cerrado.
