2026-02-27 10:44:22,189 [INFO] ============================================================
2026-02-27 10:44:22,189 [INFO]   IMSS Escritorio Virtual - Scraper de Incapacidades
2026-02-27 10:44:22,189 [INFO]   Modo: EXTRACCIÓN
2026-02-27 10:44:22,189 [INFO] ============================================================
2026-02-27 10:44:24,448 [INFO] Navegando al Escritorio Virtual...
2026-02-27 10:44:26,818 [INFO] Haciendo clic en el botón 'Ingresar'...
2026-02-27 10:44:26,884 [INFO] Esperando a que carguen los iframes del login...
2026-02-27 10:44:29,903 [INFO] Se encontraron 2 iframes. Buscando el formulario de login...
2026-02-27 10:44:29,930 [INFO] ¡Dentro del iframe de login correcto!
2026-02-27 10:44:29,930 [INFO] Iniciando login con RFC: BADJ7612216XA
2026-02-27 10:44:29,930 [INFO] Ruta CER detectada: /Users/jesusgallegosontiveros/Downloads/00001000000708327516.cer
2026-02-27 10:44:30,067 [INFO] Inyectando archivo .cer...
2026-02-27 10:44:30,112 [INFO] Inyectando archivo .key...
2026-02-27 10:44:30,130 [INFO] Escribiendo contraseña...
2026-02-27 10:44:32,178 [INFO] Validando e.firma...
2026-02-27 10:44:32,246 [INFO] Esperando a que la página principal cargue después del login...
2026-02-27 10:44:40,247 [INFO] ¡Login completado con éxito!
2026-02-27 10:44:40,264 [INFO] HTML guardado en debug: debug_escritorio_virtual_inicio.html
2026-02-27 10:44:40,264 [INFO] Abriendo menú de Acciones del registro patronal...
2026-02-27 10:44:42,862 [INFO] Expandiendo portlet patronal para cargar su contenido...
2026-02-27 10:44:45,431 [INFO] Abriendo dropdown de Acciones para A8084992107...
2026-02-27 10:44:46,502 [INFO] Menú de Acciones desplegado.
2026-02-27 10:44:48,523 [INFO] HTML guardado en debug: debug_portal_patron_dropdown.html
2026-02-27 10:44:48,524 [INFO] Buscando la opción 'Consulta incapacidades - Rango de fechas' en el menú...
2026-02-27 10:44:49,053 [INFO] ¡Clic en 'Consulta incapacidades - Rango de fechas' exitoso!
2026-02-27 10:44:49,053 [INFO] Esperando a que cargue el módulo de incapacidades...
2026-02-27 10:44:57,076 [INFO] HTML guardado en debug: debug_incapacidades_pagina.html
2026-02-27 10:44:57,100 [INFO] No se detectaron filtros de fecha.
2026-02-27 10:44:57,104 [INFO] Tablas encontradas: 1
2026-02-27 10:44:57,148 [INFO]   Tabla 1: 1 registros acumulados.
2026-02-27 10:44:57,149 [INFO] CSV guardado: /Users/jesusgallegosontiveros/Documents/Proyectos/scraper/resultados/incapacidades_ev_20260227_104422.csv (1 registros)
2026-02-27 10:44:57,149 [INFO] Proceso completado. CSV → /Users/jesusgallegosontiveros/Documents/Proyectos/scraper/resultados/incapacidades_ev_20260227_104422.csv
2026-02-27 10:44:57,277 [INFO] Navegador cerrado.
