2026-02-27 11:07:11,770 [INFO] ============================================================
2026-02-27 11:07:11,770 [INFO]   IMSS Escritorio Virtual - Scraper de Incapacidades
2026-02-27 11:07:11,770 [INFO]   Modo: EXTRACCIÓN
2026-02-27 11:07:11,770 [INFO] ============================================================
2026-02-27 11:07:13,625 [INFO] Navegando al Escritorio Virtual...
2026-02-27 11:07:15,957 [INFO] Haciendo clic en el botón 'Ingresar'...
2026-02-27 11:07:15,991 [INFO] Esperando a que carguen los iframes del login...
2026-02-27 11:07:19,005 [INFO] Se encontraron 2 iframes. Buscando el formulario de login...
2026-02-27 11:07:19,025 [INFO] ¡Dentro del iframe de login correcto!
2026-02-27 11:07:19,025 [INFO] Iniciando login con RFC: BADJ7612216XA
2026-02-27 11:07:19,025 [INFO] Ruta CER detectada: /Users/jesusgallegosontiveros/Downloads/00001000000708327516.cer
2026-02-27 11:07:19,118 [INFO] Inyectando archivo .cer...
2026-02-27 11:07:19,135 [INFO] Inyectando archivo .key...
2026-02-27 11:07:19,146 [INFO] Escribiendo contraseña...
2026-02-27 11:07:21,218 [INFO] Validando e.firma...
2026-02-27 11:07:21,281 [INFO] Esperando a que la página principal cargue después del login...
2026-02-27 11:07:29,286 [INFO] ¡Login completado con éxito!
2026-02-27 11:07:29,303 [INFO] HTML guardado en debug: debug_escritorio_virtual_inicio.html
2026-02-27 11:07:29,303 [INFO] Abriendo menú de Acciones del registro patronal...
2026-02-27 11:07:29,315 [INFO] Expandiendo portlet patronal para cargar su contenido...
2026-02-27 11:07:31,842 [INFO] Abriendo dropdown de Acciones para A8084992107...
2026-02-27 11:07:32,905 [INFO] Menú de Acciones desplegado.
2026-02-27 11:07:34,928 [INFO] HTML guardado en debug: debug_portal_patron_dropdown.html
2026-02-27 11:07:34,928 [INFO] Buscando la opción 'Consulta incapacidades - Rango de fechas' en el menú...
2026-02-27 11:07:35,455 [INFO] ¡Clic en 'Consulta incapacidades - Rango de fechas' exitoso!
2026-02-27 11:07:35,455 [INFO] Esperando a que cargue el módulo de incapacidades...
2026-02-27 11:07:43,461 [INFO] Ingresando NSS: 33017829533...
2026-02-27 11:08:03,856 [ERROR] No se encontró la opción 'Consulta incapacidades'. Revisa debug_error_nav_incapacidades.html
2026-02-27 11:08:03,871 [INFO] HTML guardado en debug: debug_error_nav_incapacidades.html
2026-02-27 11:08:03,871 [ERROR] No se pudo navegar a incapacidades.
2026-02-27 11:08:04,057 [INFO] Navegador cerrado.
