2026-02-27 10:55:43,317 [INFO] ============================================================
2026-02-27 10:55:43,317 [INFO]   IMSS Escritorio Virtual - Scraper de Incapacidades
2026-02-27 10:55:43,317 [INFO]   Modo: EXTRACCIÓN
2026-02-27 10:55:43,317 [INFO] ============================================================
2026-02-27 10:55:45,468 [INFO] Navegando al Escritorio Virtual...
2026-02-27 10:55:47,875 [INFO] Haciendo clic en el botón 'Ingresar'...
2026-02-27 10:55:47,914 [INFO] Esperando a que carguen los iframes del login...
2026-02-27 10:55:50,933 [INFO] Se encontraron 2 iframes. Buscando el formulario de login...
2026-02-27 10:55:50,958 [INFO] ¡Dentro del iframe de login correcto!
2026-02-27 10:55:50,958 [INFO] Iniciando login con RFC: BADJ7612216XA
2026-02-27 10:55:50,958 [INFO] Ruta CER detectada: /Users/jesusgallegosontiveros/Downloads/00001000000708327516.cer
2026-02-27 10:55:51,152 [INFO] Inyectando archivo .cer...
2026-02-27 10:55:51,171 [INFO] Inyectando archivo .key...
2026-02-27 10:55:51,185 [INFO] Escribiendo contraseña...
2026-02-27 10:55:53,231 [INFO] Validando e.firma...
2026-02-27 10:55:53,298 [INFO] Esperando a que la página principal cargue después del login...
2026-02-27 10:56:01,304 [INFO] ¡Login completado con éxito!
2026-02-27 10:56:01,597 [INFO] HTML guardado en debug: debug_escritorio_virtual_inicio.html
2026-02-27 10:56:01,597 [INFO] Abriendo menú de Acciones del registro patronal...
2026-02-27 10:56:01,609 [INFO] Expandiendo portlet patronal para cargar su contenido...
2026-02-27 10:56:04,363 [INFO] Abriendo dropdown de Acciones para A8084992107...
2026-02-27 10:56:05,450 [INFO] Menú de Acciones desplegado.
2026-02-27 10:56:07,471 [INFO] HTML guardado en debug: debug_portal_patron_dropdown.html
2026-02-27 10:56:07,471 [INFO] Buscando la opción 'Consulta incapacidades - Rango de fechas' en el menú...
2026-02-27 10:56:08,009 [INFO] ¡Clic en 'Consulta incapacidades - Rango de fechas' exitoso!
2026-02-27 10:56:08,009 [INFO] Esperando a que cargue el módulo de incapacidades...
2026-02-27 10:56:16,033 [INFO] HTML guardado en debug: debug_incapacidades_pagina.html
2026-02-27 10:56:16,059 [INFO] No se detectaron filtros de fecha.
2026-02-27 10:56:16,063 [INFO] Tablas encontradas: 1
2026-02-27 10:56:16,105 [INFO]   Tabla 1: 1 registros acumulados.
2026-02-27 10:56:16,107 [INFO] CSV guardado: /Users/jesusgallegosontiveros/Documents/Proyectos/scraper/resultados/incapacidades_ev_20260227_105543.csv (1 registros)
2026-02-27 10:56:16,107 [INFO] Proceso completado. CSV → /Users/jesusgallegosontiveros/Documents/Proyectos/scraper/resultados/incapacidades_ev_20260227_105543.csv
2026-02-27 10:56:16,213 [INFO] Navegador cerrado.
