2026-02-27 13:03:12,077 [INFO] ============================================================
2026-02-27 13:03:12,077 [INFO]   IMSS Escritorio Virtual - Scraper de Incapacidades
2026-02-27 13:03:12,077 [INFO]   Modo: EXTRACCIÓN
2026-02-27 13:03:12,077 [INFO] ============================================================
2026-02-27 13:03:13,427 [INFO] Navegando al Escritorio Virtual...
2026-02-27 13:03:16,255 [INFO] Haciendo clic en el botón 'Ingresar'...
2026-02-27 13:03:16,321 [INFO] Esperando a que carguen los iframes del login...
2026-02-27 13:03:19,339 [INFO] Se encontraron 2 iframes. Buscando el formulario de login...
2026-02-27 13:03:19,365 [INFO] ¡Dentro del iframe de login correcto!
2026-02-27 13:03:19,365 [INFO] Iniciando login con RFC: BADJ7612216XA
2026-02-27 13:03:19,365 [INFO] Ruta CER detectada: /Users/jesusgallegosontiveros/Downloads/00001000000708327516.cer
2026-02-27 13:03:19,449 [INFO] Inyectando archivo .cer...
2026-02-27 13:03:19,465 [INFO] Inyectando archivo .key...
2026-02-27 13:03:19,477 [INFO] Escribiendo contraseña...
2026-02-27 13:03:21,529 [INFO] Validando e.firma...
2026-02-27 13:03:21,591 [INFO] Esperando a que la página principal cargue después del login...
2026-02-27 13:03:29,597 [INFO] ¡Login completado con éxito!
2026-02-27 13:03:29,613 [INFO] HTML guardado en debug: debug_escritorio_virtual_inicio.html
2026-02-27 13:03:29,613 [INFO] Abriendo menú de Acciones del registro patronal...
2026-02-27 13:03:31,489 [INFO] Expandiendo portlet patronal para cargar su contenido...
2026-02-27 13:03:34,018 [INFO] Abriendo dropdown de Acciones para A8084992107...
2026-02-27 13:03:35,160 [INFO] Menú de Acciones desplegado.
2026-02-27 13:03:37,180 [INFO] HTML guardado en debug: debug_portal_patron_dropdown.html
2026-02-27 13:03:37,180 [INFO] Buscando la opción 'Consulta incapacidades - Rango de fechas' en el menú...
2026-02-27 13:03:37,716 [INFO] Dropdown de Acciones abierto.
2026-02-27 13:03:39,221 [INFO] Invocando 'Consulta Incapacidades - NSS' vía JS...
2026-02-27 13:03:39,237 [INFO] ¡Módulo de incapacidades por NSS invocado!
2026-02-27 13:03:39,237 [INFO] Esperando a que cargue el módulo de incapacidades...
2026-02-27 13:03:47,240 [INFO] Ingresando NSS: 33017829533...
2026-02-27 13:04:07,640 [ERROR] No se encontró la opción 'Consulta incapacidades'. Revisa debug_error_nav_incapacidades.html
2026-02-27 13:04:07,651 [INFO] HTML guardado en debug: debug_error_nav_incapacidades.html
2026-02-27 13:04:07,651 [ERROR] No se pudo navegar a incapacidades.
2026-02-27 13:04:07,848 [INFO] Navegador cerrado.
