2026-02-25 15:11:29,366 [INFO] ============================================================
2026-02-25 15:11:29,366 [INFO]   IMSS Escritorio Virtual - Scraper de Incapacidades
2026-02-25 15:11:29,366 [INFO] ============================================================
2026-02-25 15:11:30,584 [INFO] Navegando al Escritorio Virtual...
2026-02-25 15:11:33,014 [INFO] Haciendo clic en el botón 'Ingresar'...
2026-02-25 15:11:33,053 [INFO] Esperando a que carguen los iframes del login...
2026-02-25 15:11:53,518 [ERROR] Error durante el login: Message: 
Stacktrace:
0   msedgedriver                        0x0000000100a87c80 msedgedriver + 6028416
1   msedgedriver                        0x0000000100a7f6f8 msedgedriver + 5994232
2   msedgedriver                        0x000000010051531c msedgedriver + 316188
3   msedgedriver                        0x000000010056128c msedgedriver + 627340
4   msedgedriver                        0x000000010059fd30 msedgedriver + 884016
5   msedgedriver                        0x00000001005555a0 msedgedriver + 578976
6   msedgedriver                        0x0000000100a4248c msedgedriver + 5743756
7   msedgedriver                        0x0000000100a46524 msedgedriver + 5760292
8   msedgedriver                        0x0000000100a25dec msedgedriver + 5627372
9   msedgedriver                        0x0000000100a46d84 msedgedriver + 5762436
10  msedgedriver                        0x0000000100a16e34 msedgedriver + 5566004
11  msedgedriver                        0x0000000100a6c878 msedgedriver + 5916792
12  msedgedriver                        0x0000000100a6c99c msedgedriver + 5917084
13  msedgedriver                        0x0000000100a7f2fc msedgedriver + 5993212
14  libsystem_pthread.dylib             0x0000000183ae5c08 _pthread_start + 136
15  libsystem_pthread.dylib             0x0000000183ae0ba8 thread_start + 8

2026-02-25 15:11:53,525 [INFO] HTML guardado en debug: debug_error_login_ev.html
2026-02-25 15:11:53,525 [ERROR] Login fallido. Revisa la carpeta 'debug' para ver en dónde se atascó.
2026-02-25 15:11:53,616 [INFO] Navegador cerrado.
