2026-02-27 11:34:39,806 [INFO] ============================================================
2026-02-27 11:34:39,806 [INFO]   IMSS Escritorio Virtual - Scraper de Incapacidades
2026-02-27 11:34:39,806 [INFO]   Modo: EXTRACCIÓN
2026-02-27 11:34:39,806 [INFO] ============================================================
2026-02-27 11:34:41,624 [INFO] Navegando al Escritorio Virtual...
2026-02-27 11:34:43,844 [INFO] Haciendo clic en el botón 'Ingresar'...
2026-02-27 11:34:43,878 [INFO] Esperando a que carguen los iframes del login...
2026-02-27 11:34:46,894 [INFO] Se encontraron 2 iframes. Buscando el formulario de login...
2026-02-27 11:34:46,931 [INFO] ¡Dentro del iframe de login correcto!
2026-02-27 11:34:46,931 [INFO] Iniciando login con RFC: BADJ7612216XA
2026-02-27 11:34:46,931 [INFO] Ruta CER detectada: /Users/jesusgallegosontiveros/Downloads/00001000000708327516.cer
2026-02-27 11:34:47,026 [INFO] Inyectando archivo .cer...
2026-02-27 11:34:47,043 [INFO] Inyectando archivo .key...
2026-02-27 11:34:47,054 [INFO] Escribiendo contraseña...
2026-02-27 11:34:49,102 [INFO] Validando e.firma...
2026-02-27 11:34:49,161 [INFO] Esperando a que la página principal cargue después del login...
2026-02-27 11:34:57,166 [INFO] ¡Login completado con éxito!
2026-02-27 11:34:57,185 [INFO] HTML guardado en debug: debug_escritorio_virtual_inicio.html
2026-02-27 11:34:57,186 [INFO] Abriendo menú de Acciones del registro patronal...
2026-02-27 11:34:57,197 [INFO] Expandiendo portlet patronal para cargar su contenido...
2026-02-27 11:34:59,722 [INFO] Abriendo dropdown de Acciones para A8084992107...
2026-02-27 11:35:00,760 [INFO] Menú de Acciones desplegado.
2026-02-27 11:35:02,782 [INFO] HTML guardado en debug: debug_portal_patron_dropdown.html
2026-02-27 11:35:02,782 [INFO] Buscando la opción 'Consulta incapacidades - Rango de fechas' en el menú...
2026-02-27 11:35:03,308 [INFO] ¡Clic en 'Consulta incapacidades - Rango de fechas' exitoso!
2026-02-27 11:35:03,308 [INFO] Esperando a que cargue el módulo de incapacidades...
2026-02-27 11:35:11,313 [INFO] Ingresando NSS: 33017829533...
2026-02-27 11:35:31,692 [ERROR] No se encontró la opción 'Consulta incapacidades'. Revisa debug_error_nav_incapacidades.html
2026-02-27 11:35:31,701 [INFO] HTML guardado en debug: debug_error_nav_incapacidades.html
2026-02-27 11:35:31,701 [ERROR] No se pudo navegar a incapacidades.
2026-02-27 11:35:31,864 [INFO] Navegador cerrado.
