2026-02-27 12:23:19,738 [INFO] ============================================================
2026-02-27 12:23:19,738 [INFO]   IMSS Escritorio Virtual - Scraper de Incapacidades
2026-02-27 12:23:19,738 [INFO]   Modo: EXTRACCIÓN
2026-02-27 12:23:19,738 [INFO] ============================================================
2026-02-27 12:23:23,032 [INFO] Navegando al Escritorio Virtual...
2026-02-27 12:23:25,536 [INFO] Haciendo clic en el botón 'Ingresar'...
2026-02-27 12:23:25,578 [INFO] Esperando a que carguen los iframes del login...
2026-02-27 12:23:28,596 [INFO] Se encontraron 2 iframes. Buscando el formulario de login...
2026-02-27 12:23:28,621 [INFO] ¡Dentro del iframe de login correcto!
2026-02-27 12:23:28,621 [INFO] Iniciando login con RFC: BADJ7612216XA
2026-02-27 12:23:28,621 [INFO] Ruta CER detectada: /Users/jesusgallegosontiveros/Downloads/00001000000708327516.cer
2026-02-27 12:23:28,720 [INFO] Inyectando archivo .cer...
2026-02-27 12:23:28,741 [INFO] Inyectando archivo .key...
2026-02-27 12:23:28,768 [INFO] Escribiendo contraseña...
2026-02-27 12:23:30,810 [INFO] Validando e.firma...
2026-02-27 12:23:30,868 [INFO] Esperando a que la página principal cargue después del login...
2026-02-27 12:23:38,874 [INFO] ¡Login completado con éxito!
2026-02-27 12:23:39,081 [INFO] HTML guardado en debug: debug_escritorio_virtual_inicio.html
2026-02-27 12:23:39,081 [INFO] Abriendo menú de Acciones del registro patronal...
2026-02-27 12:23:39,092 [INFO] Expandiendo portlet patronal para cargar su contenido...
2026-02-27 12:23:41,620 [INFO] Abriendo dropdown de Acciones para A8084992107...
2026-02-27 12:23:42,673 [INFO] Menú de Acciones desplegado.
2026-02-27 12:23:44,695 [INFO] HTML guardado en debug: debug_portal_patron_dropdown.html
2026-02-27 12:23:44,696 [INFO] Buscando la opción 'Consulta incapacidades - Rango de fechas' en el menú...
2026-02-27 12:23:45,230 [INFO] ¡Clic en 'Consulta incapacidades - Rango de fechas' exitoso!
2026-02-27 12:23:45,231 [INFO] Esperando a que cargue el módulo de incapacidades...
2026-02-27 12:23:53,236 [INFO] Ingresando NSS: 33017829533...
2026-02-27 12:24:13,631 [ERROR] No se encontró la opción 'Consulta incapacidades'. Revisa debug_error_nav_incapacidades.html
2026-02-27 12:24:13,646 [INFO] HTML guardado en debug: debug_error_nav_incapacidades.html
2026-02-27 12:24:13,646 [ERROR] No se pudo navegar a incapacidades.
2026-02-27 12:24:13,815 [INFO] Navegador cerrado.
