2026-02-27 13:10:26,388 [INFO] ============================================================
2026-02-27 13:10:26,389 [INFO]   IMSS Escritorio Virtual - Scraper de Incapacidades
2026-02-27 13:10:26,389 [INFO]   Modo: EXTRACCIÓN
2026-02-27 13:10:26,389 [INFO] ============================================================
2026-02-27 13:10:27,985 [INFO] Navegando al Escritorio Virtual...
2026-02-27 13:10:30,521 [INFO] Haciendo clic en el botón 'Ingresar'...
2026-02-27 13:10:30,568 [INFO] Esperando a que carguen los iframes del login...
2026-02-27 13:10:33,586 [INFO] Se encontraron 2 iframes. Buscando el formulario de login...
2026-02-27 13:10:33,651 [INFO] ¡Dentro del iframe de login correcto!
2026-02-27 13:10:33,652 [INFO] Iniciando login con RFC: BADJ7612216XA
2026-02-27 13:10:33,652 [INFO] Ruta CER detectada: /Users/jesusgallegosontiveros/Downloads/00001000000708327516.cer
2026-02-27 13:10:33,859 [INFO] Inyectando archivo .cer...
2026-02-27 13:10:33,906 [INFO] Inyectando archivo .key...
2026-02-27 13:10:33,931 [INFO] Escribiendo contraseña...
2026-02-27 13:10:36,072 [INFO] Validando e.firma...
2026-02-27 13:10:36,272 [INFO] Esperando a que la página principal cargue después del login...
2026-02-27 13:10:44,277 [INFO] ¡Login completado con éxito!
2026-02-27 13:10:44,783 [INFO] HTML guardado en debug: debug_escritorio_virtual_inicio.html
2026-02-27 13:10:44,783 [INFO] Abriendo menú de Acciones del registro patronal...
2026-02-27 13:10:44,812 [INFO] Expandiendo portlet patronal para cargar su contenido...
2026-02-27 13:10:47,347 [INFO] Abriendo dropdown de Acciones para A8084992107...
2026-02-27 13:10:48,461 [INFO] Menú de Acciones desplegado.
2026-02-27 13:10:50,473 [INFO] HTML guardado en debug: debug_portal_patron_dropdown.html
2026-02-27 13:10:50,473 [INFO] Buscando la opción 'Consulta incapacidades - Rango de fechas' en el menú...
2026-02-27 13:10:51,010 [INFO] Dropdown de Acciones abierto.
2026-02-27 13:10:52,515 [INFO] Invocando 'Consulta Incapacidades - NSS' vía JS...
2026-02-27 13:10:52,528 [INFO] ¡Módulo de incapacidades por NSS invocado!
2026-02-27 13:10:52,528 [INFO] Esperando a que abra el modal con el iframe de consulta NSS...
2026-02-27 13:11:00,533 [INFO] Cambiando al iframe 'nmpsFrame'...
2026-02-27 13:11:00,553 [INFO] Dentro del iframe. Esperando campo NSS...
2026-02-27 13:11:00,553 [INFO] Ingresando NSS: 33017829533...
2026-02-27 13:11:01,109 [INFO] Búsqueda ejecutada.
2026-02-27 13:11:06,128 [INFO] HTML guardado en debug: debug_incapacidades_iframe.html
2026-02-27 13:11:06,135 [INFO] Tablas encontradas: 1
2026-02-27 13:11:06,524 [INFO]   Tabla 1: 19 registros acumulados.
2026-02-27 13:11:06,526 [INFO] CSV guardado: /Users/jesusgallegosontiveros/Documents/Proyectos/scraper/resultados/incapacidades_ev_20260227_131026.csv (19 registros)
2026-02-27 13:11:06,526 [INFO] Proceso completado. CSV → /Users/jesusgallegosontiveros/Documents/Proyectos/scraper/resultados/incapacidades_ev_20260227_131026.csv
2026-02-27 13:11:06,669 [INFO] Navegador cerrado.
