2026-02-27 12:46:41,501 [INFO] ============================================================
2026-02-27 12:46:41,501 [INFO]   IMSS Escritorio Virtual - Scraper de Incapacidades
2026-02-27 12:46:41,501 [INFO]   Modo: EXTRACCIÓN
2026-02-27 12:46:41,501 [INFO] ============================================================
2026-02-27 12:46:44,028 [INFO] Navegando al Escritorio Virtual...
2026-02-27 12:46:46,539 [INFO] Haciendo clic en el botón 'Ingresar'...
2026-02-27 12:46:46,600 [INFO] Esperando a que carguen los iframes del login...
2026-02-27 12:46:49,621 [INFO] Se encontraron 2 iframes. Buscando el formulario de login...
2026-02-27 12:46:49,645 [INFO] ¡Dentro del iframe de login correcto!
2026-02-27 12:46:49,645 [INFO] Iniciando login con RFC: BADJ7612216XA
2026-02-27 12:46:49,645 [INFO] Ruta CER detectada: /Users/jesusgallegosontiveros/Downloads/00001000000708327516.cer
2026-02-27 12:46:49,730 [INFO] Inyectando archivo .cer...
2026-02-27 12:46:49,747 [INFO] Inyectando archivo .key...
2026-02-27 12:46:49,759 [INFO] Escribiendo contraseña...
2026-02-27 12:46:51,812 [INFO] Validando e.firma...
2026-02-27 12:46:51,874 [INFO] Esperando a que la página principal cargue después del login...
2026-02-27 12:46:59,880 [INFO] ¡Login completado con éxito!
2026-02-27 12:46:59,898 [INFO] HTML guardado en debug: debug_escritorio_virtual_inicio.html
2026-02-27 12:46:59,898 [INFO] Abriendo menú de Acciones del registro patronal...
2026-02-27 12:46:59,909 [INFO] Expandiendo portlet patronal para cargar su contenido...
2026-02-27 12:47:02,432 [INFO] Abriendo dropdown de Acciones para A8084992107...
2026-02-27 12:47:03,487 [INFO] Menú de Acciones desplegado.
2026-02-27 12:47:05,509 [INFO] HTML guardado en debug: debug_portal_patron_dropdown.html
2026-02-27 12:47:05,509 [INFO] Buscando la opción 'Consulta incapacidades - Rango de fechas' en el menú...
2026-02-27 12:47:06,035 [INFO] ¡Clic en 'Consulta incapacidades - Rango de fechas' exitoso!
2026-02-27 12:47:06,035 [INFO] Esperando a que cargue el módulo de incapacidades...
2026-02-27 12:47:14,039 [INFO] Ingresando NSS: 33017829533...
2026-02-27 12:47:34,410 [ERROR] No se encontró la opción 'Consulta incapacidades'. Revisa debug_error_nav_incapacidades.html
2026-02-27 12:47:34,424 [INFO] HTML guardado en debug: debug_error_nav_incapacidades.html
2026-02-27 12:47:34,424 [ERROR] No se pudo navegar a incapacidades.
2026-02-27 12:47:34,607 [INFO] Navegador cerrado.
