2026-02-27 12:39:39,326 [INFO] ============================================================
2026-02-27 12:39:39,326 [INFO]   IMSS Escritorio Virtual - Scraper de Incapacidades
2026-02-27 12:39:39,326 [INFO]   Modo: EXTRACCIÓN
2026-02-27 12:39:39,326 [INFO] ============================================================
2026-02-27 12:39:42,233 [INFO] Navegando al Escritorio Virtual...
2026-02-27 12:39:44,551 [INFO] Haciendo clic en el botón 'Ingresar'...
2026-02-27 12:39:44,633 [INFO] Esperando a que carguen los iframes del login...
2026-02-27 12:39:47,671 [INFO] Se encontraron 2 iframes. Buscando el formulario de login...
2026-02-27 12:39:47,698 [INFO] ¡Dentro del iframe de login correcto!
2026-02-27 12:39:47,698 [INFO] Iniciando login con RFC: BADJ7612216XA
2026-02-27 12:39:47,699 [INFO] Ruta CER detectada: /Users/jesusgallegosontiveros/Downloads/00001000000708327516.cer
2026-02-27 12:39:47,783 [INFO] Inyectando archivo .cer...
2026-02-27 12:39:47,803 [INFO] Inyectando archivo .key...
2026-02-27 12:39:47,819 [INFO] Escribiendo contraseña...
2026-02-27 12:39:49,864 [INFO] Validando e.firma...
2026-02-27 12:39:49,930 [INFO] Esperando a que la página principal cargue después del login...
2026-02-27 12:39:57,936 [INFO] ¡Login completado con éxito!
2026-02-27 12:39:58,949 [INFO] HTML guardado en debug: debug_escritorio_virtual_inicio.html
2026-02-27 12:39:58,949 [INFO] Abriendo menú de Acciones del registro patronal...
2026-02-27 12:39:58,962 [INFO] Expandiendo portlet patronal para cargar su contenido...
2026-02-27 12:40:01,488 [INFO] Abriendo dropdown de Acciones para A8084992107...
2026-02-27 12:40:02,534 [INFO] Menú de Acciones desplegado.
2026-02-27 12:40:04,551 [INFO] HTML guardado en debug: debug_portal_patron_dropdown.html
2026-02-27 12:40:04,551 [INFO] Buscando la opción 'Consulta incapacidades - Rango de fechas' en el menú...
2026-02-27 12:40:05,078 [INFO] ¡Clic en 'Consulta incapacidades - Rango de fechas' exitoso!
2026-02-27 12:40:05,078 [INFO] Esperando a que cargue el módulo de incapacidades...
2026-02-27 12:40:13,084 [INFO] Ingresando NSS: 33017829533...
2026-02-27 12:40:33,481 [ERROR] No se encontró la opción 'Consulta incapacidades'. Revisa debug_error_nav_incapacidades.html
2026-02-27 12:40:33,488 [INFO] HTML guardado en debug: debug_error_nav_incapacidades.html
2026-02-27 12:40:33,488 [ERROR] No se pudo navegar a incapacidades.
2026-02-27 12:40:33,593 [INFO] Navegador cerrado.
