2026-02-27 13:26:24,132 [INFO] ============================================================
2026-02-27 13:26:24,132 [INFO]   IMSS Escritorio Virtual - Scraper de Incapacidades
2026-02-27 13:26:24,132 [INFO]   Modo: EXTRACCIÓN
2026-02-27 13:26:24,132 [INFO] ============================================================
2026-02-27 13:26:26,929 [INFO] Navegando al Escritorio Virtual...
2026-02-27 13:26:29,643 [INFO] Haciendo clic en el botón 'Ingresar'...
2026-02-27 13:26:29,680 [INFO] Esperando a que carguen los iframes del login...
2026-02-27 13:26:32,699 [INFO] Se encontraron 2 iframes. Buscando el formulario de login...
2026-02-27 13:26:32,724 [INFO] ¡Dentro del iframe de login correcto!
2026-02-27 13:26:32,724 [INFO] Iniciando login con RFC: BADJ7612216XA
2026-02-27 13:26:32,724 [INFO] Ruta CER detectada: /Users/jesusgallegosontiveros/Downloads/00001000000708327516.cer
2026-02-27 13:26:32,808 [INFO] Inyectando archivo .cer...
2026-02-27 13:26:32,828 [INFO] Inyectando archivo .key...
2026-02-27 13:26:32,843 [INFO] Escribiendo contraseña...
2026-02-27 13:26:34,902 [INFO] Validando e.firma...
2026-02-27 13:26:34,969 [INFO] Esperando a que la página principal cargue después del login...
2026-02-27 13:26:42,969 [INFO] ¡Login completado con éxito!
2026-02-27 13:26:43,208 [INFO] HTML guardado en debug: debug_escritorio_virtual_inicio.html
2026-02-27 13:26:43,208 [INFO] Abriendo menú de Acciones del registro patronal...
2026-02-27 13:26:43,218 [INFO] Expandiendo portlet patronal para cargar su contenido...
2026-02-27 13:26:45,745 [INFO] Abriendo dropdown de Acciones para A8084992107...
2026-02-27 13:26:46,866 [INFO] Menú de Acciones desplegado.
2026-02-27 13:26:48,889 [INFO] HTML guardado en debug: debug_portal_patron_dropdown.html
2026-02-27 13:26:48,889 [INFO] Buscando la opción 'Consulta incapacidades - Rango de fechas' en el menú...
2026-02-27 13:26:49,427 [INFO] Dropdown de Acciones abierto.
2026-02-27 13:26:50,932 [INFO] Invocando 'Consulta Incapacidades - NSS' vía JS...
2026-02-27 13:26:50,949 [INFO] ¡Módulo de incapacidades por NSS invocado!
2026-02-27 13:26:50,949 [INFO] Esperando a que abra el modal con el iframe de consulta NSS...
2026-02-27 13:26:58,954 [INFO] Cambiando al iframe 'nmpsFrame'...
2026-02-27 13:26:58,974 [INFO] Dentro del iframe. Esperando campo NSS...
2026-02-27 13:26:58,974 [INFO] Ingresando NSS: 33017829533...
2026-02-27 13:26:59,356 [INFO] Búsqueda ejecutada.
2026-02-27 13:27:04,376 [INFO] HTML guardado en debug: debug_incapacidades_iframe.html
2026-02-27 13:27:04,376 [INFO] Descargando reporte Excel (formDescarga)...
2026-02-27 13:27:04,381 [INFO] Descarga iniciada.
2026-02-27 13:27:09,394 [INFO] Tablas encontradas: 1
2026-02-27 13:27:09,671 [INFO]   Tabla 1: 19 registros acumulados.
2026-02-27 13:27:09,676 [INFO] CSV guardado: /Users/jesusgallegosontiveros/Documents/Proyectos/scraper/resultados/incapacidades_ev_20260227_132624.csv (19 registros)
2026-02-27 13:27:09,676 [INFO] Proceso completado. CSV → /Users/jesusgallegosontiveros/Documents/Proyectos/scraper/resultados/incapacidades_ev_20260227_132624.csv
2026-02-27 13:27:09,812 [INFO] Navegador cerrado.
