2026-02-27 12:10:20,788 [INFO] ============================================================
2026-02-27 12:10:20,789 [INFO]   IMSS Escritorio Virtual - Scraper de Incapacidades
2026-02-27 12:10:20,789 [INFO]   Modo: EXTRACCIÓN
2026-02-27 12:10:20,789 [INFO] ============================================================
2026-02-27 12:10:22,641 [INFO] Navegando al Escritorio Virtual...
2026-02-27 12:10:25,225 [INFO] Haciendo clic en el botón 'Ingresar'...
2026-02-27 12:10:25,263 [INFO] Esperando a que carguen los iframes del login...
2026-02-27 12:10:28,285 [INFO] Se encontraron 2 iframes. Buscando el formulario de login...
2026-02-27 12:10:28,309 [INFO] ¡Dentro del iframe de login correcto!
2026-02-27 12:10:28,309 [INFO] Iniciando login con RFC: BADJ7612216XA
2026-02-27 12:10:28,309 [INFO] Ruta CER detectada: /Users/jesusgallegosontiveros/Downloads/00001000000708327516.cer
2026-02-27 12:10:28,392 [INFO] Inyectando archivo .cer...
2026-02-27 12:10:28,409 [INFO] Inyectando archivo .key...
2026-02-27 12:10:28,420 [INFO] Escribiendo contraseña...
2026-02-27 12:10:30,466 [INFO] Validando e.firma...
2026-02-27 12:10:30,538 [INFO] Esperando a que la página principal cargue después del login...
2026-02-27 12:10:38,543 [INFO] ¡Login completado con éxito!
2026-02-27 12:10:38,557 [INFO] HTML guardado en debug: debug_escritorio_virtual_inicio.html
2026-02-27 12:10:38,558 [INFO] Abriendo menú de Acciones del registro patronal...
2026-02-27 12:11:08,664 [ERROR] No se pudo abrir el menú de Acciones. Revisa debug_error_portal_patron.html
2026-02-27 12:11:08,677 [INFO] HTML guardado en debug: debug_error_portal_patron.html
2026-02-27 12:11:08,677 [WARNING] No se pudo ingresar al portal patrón. Continuando en portal persona.
2026-02-27 12:11:08,677 [INFO] Buscando la opción 'Consulta incapacidades - Rango de fechas' en el menú...
2026-02-27 12:11:29,136 [ERROR] No se encontró la opción 'Consulta incapacidades'. Revisa debug_error_nav_incapacidades.html
2026-02-27 12:11:29,148 [INFO] HTML guardado en debug: debug_error_nav_incapacidades.html
2026-02-27 12:11:29,149 [ERROR] No se pudo navegar a incapacidades.
2026-02-27 12:11:29,267 [INFO] Navegador cerrado.
