2026-02-27 10:40:44,763 [INFO] ============================================================
2026-02-27 10:40:44,763 [INFO]   IMSS Escritorio Virtual - Scraper de Incapacidades
2026-02-27 10:40:44,763 [INFO]   Modo: EXTRACCIÓN
2026-02-27 10:40:44,763 [INFO] ============================================================
2026-02-27 10:40:47,259 [INFO] Navegando al Escritorio Virtual...
2026-02-27 10:40:50,480 [INFO] Haciendo clic en el botón 'Ingresar'...
2026-02-27 10:40:50,528 [INFO] Esperando a que carguen los iframes del login...
2026-02-27 10:40:53,552 [INFO] Se encontraron 2 iframes. Buscando el formulario de login...
2026-02-27 10:40:53,576 [INFO] ¡Dentro del iframe de login correcto!
2026-02-27 10:40:53,576 [INFO] Iniciando login con RFC: BADJ7612216XA
2026-02-27 10:40:53,576 [INFO] Ruta CER detectada: /Users/jesusgallegosontiveros/Downloads/00001000000708327516.cer
2026-02-27 10:40:53,684 [INFO] Inyectando archivo .cer...
2026-02-27 10:40:53,702 [INFO] Inyectando archivo .key...
2026-02-27 10:40:53,724 [INFO] Escribiendo contraseña...
2026-02-27 10:40:55,762 [INFO] Validando e.firma...
2026-02-27 10:40:55,829 [INFO] Esperando a que la página principal cargue después del login...
2026-02-27 10:41:03,834 [INFO] ¡Login completado con éxito!
2026-02-27 10:41:03,846 [INFO] HTML guardado en debug: debug_escritorio_virtual_inicio.html
2026-02-27 10:41:03,846 [INFO] Abriendo menú de Acciones del registro patronal...
2026-02-27 10:41:33,900 [ERROR] No se pudo abrir el menú de Acciones. Revisa debug_error_portal_patron.html
2026-02-27 10:41:33,911 [INFO] HTML guardado en debug: debug_error_portal_patron.html
2026-02-27 10:41:33,911 [WARNING] No se pudo ingresar al portal patrón. Continuando en portal persona.
2026-02-27 10:41:33,911 [INFO] Buscando la opción 'Consulta incapacidades - Rango de fechas' en el menú...
2026-02-27 10:41:54,288 [ERROR] No se encontró la opción 'Consulta incapacidades'. Revisa debug_error_nav_incapacidades.html
2026-02-27 10:41:54,293 [INFO] HTML guardado en debug: debug_error_nav_incapacidades.html
2026-02-27 10:41:54,294 [ERROR] No se pudo navegar a incapacidades.
2026-02-27 10:41:54,483 [INFO] Navegador cerrado.
