2026-02-26 15:35:10,783 [INFO] ============================================================
2026-02-26 15:35:10,783 [INFO]   IMSS Escritorio Virtual - Scraper de Incapacidades
2026-02-26 15:35:10,783 [INFO]   Modo: EXTRACCIÓN
2026-02-26 15:35:10,783 [INFO] ============================================================
2026-02-26 15:35:14,547 [INFO] Navegando al Escritorio Virtual...
2026-02-26 15:35:17,398 [INFO] Haciendo clic en el botón 'Ingresar'...
2026-02-26 15:35:17,472 [INFO] Esperando a que carguen los iframes del login...
2026-02-26 15:35:20,489 [INFO] Se encontraron 2 iframes. Buscando el formulario de login...
2026-02-26 15:35:20,515 [INFO] ¡Dentro del iframe de login correcto!
2026-02-26 15:35:20,515 [INFO] Iniciando login con RFC: BADJ7612216XA
2026-02-26 15:35:20,515 [INFO] Ruta CER detectada: /Users/jesusgallegosontiveros/Downloads/00001000000708327516.cer
2026-02-26 15:35:20,606 [INFO] Inyectando archivo .cer...
2026-02-26 15:35:20,628 [INFO] Inyectando archivo .key...
2026-02-26 15:35:20,643 [INFO] Escribiendo contraseña...
2026-02-26 15:35:22,725 [INFO] Validando e.firma...
2026-02-26 15:35:22,796 [INFO] Esperando a que la página principal cargue después del login...
2026-02-26 15:35:30,801 [INFO] ¡Login completado con éxito!
2026-02-26 15:35:30,819 [INFO] HTML guardado en debug: debug_escritorio_virtual_inicio.html
2026-02-26 15:35:30,819 [INFO] Ingresando al portal patrón...
2026-02-26 15:35:30,832 [INFO] Expandiendo portlet patronal para cargar su contenido...
2026-02-26 15:35:33,360 [INFO] Seleccionando registro patronal A8084992107...
2026-02-26 15:35:39,424 [INFO] HTML guardado en debug: debug_portal_patron.html
2026-02-26 15:35:39,427 [INFO] Portal patrón cargado: https://serviciosdigitales.imss.gob.mx/portal-web/portal/patron/ingresar/
2026-02-26 15:35:39,427 [INFO] Navegando a Incapacidades a través del menú 'Acciones'...
2026-02-26 15:35:39,427 [INFO] Buscando el acordeón 'Mis registros patronales'...
2026-02-26 15:35:59,828 [INFO] No se encontró el acordeón con ese texto exacto, o ya estaba visible. Continuando...
2026-02-26 15:35:59,828 [INFO] Buscando el botón 'Acciones' para el RP A8084992107...
2026-02-26 15:36:00,857 [INFO] Clic en el botón 'Acciones' realizado. Esperando menú desplegable...
2026-02-26 15:36:02,861 [INFO] Buscando la opción 'Consulta incapacidades - Rango de fechas'...
2026-02-26 15:36:23,242 [ERROR] No se pudo completar la ruta de navegación ('Acciones' -> 'Consulta').
2026-02-26 15:36:23,243 [ERROR] Revisa el archivo debug_error_nav_incapacidades.html para ver la pantalla en el punto de fallo.
2026-02-26 15:36:23,256 [INFO] HTML guardado en debug: debug_error_nav_incapacidades.html
2026-02-26 15:36:23,256 [ERROR] No se pudo navegar a incapacidades.
2026-02-26 15:36:23,431 [INFO] Navegador cerrado.
