2026-02-27 10:20:17,938 [INFO] ============================================================
2026-02-27 10:20:17,938 [INFO]   IMSS Escritorio Virtual - Scraper de Incapacidades
2026-02-27 10:20:17,938 [INFO]   Modo: EXTRACCIÓN
2026-02-27 10:20:17,938 [INFO] ============================================================
2026-02-27 10:20:20,430 [INFO] Navegando al Escritorio Virtual...
2026-02-27 10:20:22,697 [INFO] Haciendo clic en el botón 'Ingresar'...
2026-02-27 10:20:22,749 [INFO] Esperando a que carguen los iframes del login...
2026-02-27 10:20:26,271 [INFO] Se encontraron 1 iframes. Buscando el formulario de login...
2026-02-27 10:20:26,287 [INFO] ¡Dentro del iframe de login correcto!
2026-02-27 10:20:26,287 [INFO] Iniciando login con RFC: BADJ7612216XA
2026-02-27 10:20:26,287 [INFO] Ruta CER detectada: /Users/jesusgallegosontiveros/Downloads/00001000000708327516.cer
2026-02-27 10:20:26,373 [INFO] Inyectando archivo .cer...
2026-02-27 10:20:26,391 [INFO] Inyectando archivo .key...
2026-02-27 10:20:26,437 [INFO] Escribiendo contraseña...
2026-02-27 10:20:28,490 [INFO] Validando e.firma...
2026-02-27 10:20:28,569 [INFO] Esperando a que la página principal cargue después del login...
2026-02-27 10:20:36,574 [INFO] ¡Login completado con éxito!
2026-02-27 10:20:36,713 [INFO] HTML guardado en debug: debug_escritorio_virtual_inicio.html
2026-02-27 10:20:36,713 [INFO] Abriendo menú de Acciones del registro patronal...
2026-02-27 10:20:36,734 [INFO] Expandiendo portlet patronal para cargar su contenido...
2026-02-27 10:20:39,262 [INFO] Abriendo dropdown de Acciones para A8084992107...
2026-02-27 10:20:40,314 [INFO] Menú de Acciones desplegado.
2026-02-27 10:20:42,335 [INFO] HTML guardado en debug: debug_portal_patron_dropdown.html
2026-02-27 10:20:42,335 [INFO] Buscando la opción 'Consulta incapacidades - Rango de fechas' en el menú...
2026-02-27 10:21:02,703 [ERROR] No se encontró la opción 'Consulta incapacidades'. Revisa debug_error_nav_incapacidades.html
2026-02-27 10:21:02,722 [INFO] HTML guardado en debug: debug_error_nav_incapacidades.html
2026-02-27 10:21:02,722 [ERROR] No se pudo navegar a incapacidades.
2026-02-27 10:21:02,871 [INFO] Navegador cerrado.
