2026-02-24 09:56:52,853 [INFO] ============================================================
2026-02-24 09:56:52,853 [INFO]   IDSE IMSS — Scraper de Incapacidades
2026-02-24 09:56:52,853 [INFO]   Fecha: 2026-02-24 09:56:52
2026-02-24 09:56:52,853 [INFO]   Modo: EXTRACCION
2026-02-24 09:56:52,853 [INFO] ============================================================
2026-02-24 09:56:55,204 [INFO] Navegando al portal IDSE...
2026-02-24 09:57:05,804 [INFO] Enviando certificado (.cer)...
2026-02-24 09:57:07,345 [INFO] Enviando llave privada (.key)...
2026-02-24 09:57:08,890 [INFO] Llenando usuario...
2026-02-24 09:57:08,991 [INFO] Llenando contrasena...
2026-02-24 09:57:09,020 [INFO] Esperando que el boton 'Iniciar sesion' se habilite...
2026-02-24 09:57:09,025 [INFO] Boton habilitado.
2026-02-24 09:57:09,026 [INFO] Haciendo clic en 'Iniciar sesion'...
2026-02-24 09:57:09,034 [INFO] Esperando respuesta del servidor (max 30 seg)...
2026-02-24 09:57:15,107 [INFO] Login exitoso.
2026-02-24 09:57:15,114 [INFO]   HTML guardado: /Users/jesusgallegosontiveros/Documents/Proyectos/scraper/debug/debug_portal_principal.html
2026-02-24 09:57:15,114 [INFO] Navegando al modulo 'incidencias' via frmDatos...
2026-02-24 09:57:19,717 [ERROR] Sesion invalida al navegar al modulo.
2026-02-24 09:57:19,719 [ERROR] No se pudo acceder al modulo. Revisa MODULO_INCAPACIDADES.
2026-02-24 09:57:19,804 [INFO] Navegador cerrado.
