2026-02-24 11:00:40,671 [INFO] ============================================================
2026-02-24 11:00:40,672 [INFO]   IDSE IMSS — Scraper de Incapacidades
2026-02-24 11:00:40,672 [INFO]   Fecha: 2026-02-24 11:00:40
2026-02-24 11:00:40,672 [INFO]   Modo: EXTRACCION
2026-02-24 11:00:40,672 [INFO] ============================================================
2026-02-24 11:00:43,205 [INFO] Navegando al portal IDSE...
2026-02-24 11:00:53,581 [INFO] Enviando certificado (.cer)...
2026-02-24 11:00:55,118 [INFO] Enviando llave privada (.key)...
2026-02-24 11:00:56,640 [INFO] Llenando usuario...
2026-02-24 11:00:56,753 [INFO] Llenando contrasena...
2026-02-24 11:00:56,786 [INFO] Esperando que el boton 'Iniciar sesion' se habilite...
2026-02-24 11:00:56,791 [INFO] Boton habilitado.
2026-02-24 11:00:56,791 [INFO] Haciendo clic en 'Iniciar sesion'...
2026-02-24 11:00:56,798 [INFO] Esperando respuesta del servidor (max 30 seg)...
2026-02-24 11:01:02,866 [INFO] Login exitoso.
2026-02-24 11:01:02,870 [INFO]   HTML guardado: /Users/jesusgallegosontiveros/Documents/Proyectos/scraper/debug/debug_portal_principal.html
2026-02-24 11:01:02,871 [INFO] Navegando al modulo 'incidencias' (irA=102)...
2026-02-24 11:01:03,404 [INFO] Clic en enlace irA(102) realizado.
2026-02-24 11:01:07,914 [INFO] Modulo 'incidencias' cargado correctamente.
2026-02-24 11:01:07,917 [INFO]   HTML guardado: /Users/jesusgallegosontiveros/Documents/Proyectos/scraper/debug/debug_modulo_incapacidades.html
2026-02-24 11:01:07,958 [INFO] No se detectaron filtros de fecha. Continuando sin filtros.
2026-02-24 11:01:07,962 [INFO] Tablas encontradas: 0
2026-02-24 11:01:07,962 [WARNING] Sin tablas. Guardando HTML para diagnostico...
2026-02-24 11:01:07,963 [INFO]   HTML guardado: /Users/jesusgallegosontiveros/Documents/Proyectos/scraper/debug/debug_sin_tablas.html
2026-02-24 11:01:07,963 [WARNING] Sin datos. Revisa debug/debug_modulo_incapacidades.html — puede que el modulo requiera aplicar filtros de fecha primero.
2026-02-24 11:01:08,038 [INFO] Navegador cerrado.
