2026-02-24 10:01:27,207 [INFO] ============================================================
2026-02-24 10:01:27,207 [INFO]   IDSE IMSS — Scraper de Incapacidades
2026-02-24 10:01:27,207 [INFO]   Fecha: 2026-02-24 10:01:27
2026-02-24 10:01:27,207 [INFO]   Modo: EXTRACCION
2026-02-24 10:01:27,208 [INFO] ============================================================
2026-02-24 10:01:29,154 [INFO] Navegando al portal IDSE...
2026-02-24 10:01:39,545 [INFO] Enviando certificado (.cer)...
2026-02-24 10:01:41,085 [INFO] Enviando llave privada (.key)...
2026-02-24 10:01:42,610 [INFO] Llenando usuario...
2026-02-24 10:01:42,711 [INFO] Llenando contrasena...
2026-02-24 10:01:42,741 [INFO] Esperando que el boton 'Iniciar sesion' se habilite...
2026-02-24 10:01:42,746 [INFO] Boton habilitado.
2026-02-24 10:01:42,746 [INFO] Haciendo clic en 'Iniciar sesion'...
2026-02-24 10:01:42,753 [INFO] Esperando respuesta del servidor (max 30 seg)...
2026-02-24 10:01:48,821 [INFO] Login exitoso.
2026-02-24 10:01:48,827 [INFO]   HTML guardado: /Users/jesusgallegosontiveros/Documents/Proyectos/scraper/debug/debug_portal_principal.html
2026-02-24 10:01:48,827 [INFO] Navegando al modulo 'incidencias' (irA=102)...
2026-02-24 10:01:49,348 [INFO] Clic en enlace irA(102) realizado.
2026-02-24 10:01:53,859 [INFO] Modulo 'incidencias' cargado correctamente.
2026-02-24 10:01:53,863 [INFO]   HTML guardado: /Users/jesusgallegosontiveros/Documents/Proyectos/scraper/debug/debug_modulo_incapacidades.html
2026-02-24 10:01:53,897 [INFO] No se detectaron filtros de fecha. Continuando sin filtros.
2026-02-24 10:01:53,901 [INFO] Tablas encontradas: 0
2026-02-24 10:01:53,901 [WARNING] Sin tablas. Guardando HTML para diagnostico...
2026-02-24 10:01:53,902 [INFO]   HTML guardado: /Users/jesusgallegosontiveros/Documents/Proyectos/scraper/debug/debug_sin_tablas.html
2026-02-24 10:01:53,902 [WARNING] Sin datos. Revisa debug/debug_modulo_incapacidades.html — puede que el modulo requiera aplicar filtros de fecha primero.
2026-02-24 10:01:53,979 [INFO] Navegador cerrado.
