2026-02-23 15:03:38,997 [INFO] ============================================================
2026-02-23 15:03:38,997 [INFO]   IDSE IMSS — Scraper de Incapacidades
2026-02-23 15:03:38,997 [INFO]   Fecha: 2026-02-23 15:03:38
2026-02-23 15:03:38,997 [INFO]   Modo: EXPLORACION
2026-02-23 15:03:38,997 [INFO] ============================================================
2026-02-23 15:03:40,994 [INFO] Navegando al portal IDSE...
2026-02-23 15:03:51,563 [INFO] Enviando certificado (.cer)...
2026-02-23 15:03:51,577 [ERROR] Error inesperado: Message: element not interactable: Failed to set the 'value' property on 'HTMLInputElement': This input element accepts a filename, which may only be programmatically set to the empty string.
  (Session info: MicrosoftEdge=145.0.3800.70); For documentation on this error, please visit: https://www.selenium.dev/documentation/webdriver/troubleshooting/errors#elementnotinteractableexception
Stacktrace:
0   msedgedriver                        0x0000000100a5bc80 msedgedriver + 6028416
1   msedgedriver                        0x0000000100a536f8 msedgedriver + 5994232
2   msedgedriver                        0x00000001004e931c msedgedriver + 316188
3   msedgedriver                        0x00000001004eef1c msedgedriver + 339740
4   msedgedriver                        0x00000001004f1770 msedgedriver + 350064
5   msedgedriver                        0x0000000100574a0c msedgedriver + 887308
6   msedgedriver                        0x0000000100573d30 msedgedriver + 884016
7   msedgedriver                        0x00000001005295a0 msedgedriver + 578976
8   msedgedriver                        0x0000000100a1648c msedgedriver + 5743756
9   msedgedriver                        0x0000000100a1a524 msedgedriver + 5760292
10  msedgedriver                        0x00000001009f9dec msedgedriver + 5627372
11  msedgedriver                        0x0000000100a1ad84 msedgedriver + 5762436
12  msedgedriver                        0x00000001009eae34 msedgedriver + 5566004
13  msedgedriver                        0x0000000100a40878 msedgedriver + 5916792
14  msedgedriver                        0x0000000100a4099c msedgedriver + 5917084
15  msedgedriver                        0x0000000100a532fc msedgedriver + 5993212
16  libsystem_pthread.dylib             0x0000000183ae5c08 _pthread_start + 136
17  libsystem_pthread.dylib             0x0000000183ae0ba8 thread_start + 8
Traceback (most recent call last):
  File "/Users/jesusgallegosontiveros/Documents/Proyectos/scraper/idse_incapacidades.py", line 527, in main
    if not iniciar_sesion(driver, config):
           ~~~~~~~~~~~~~~^^^^^^^^^^^^^^^^
  File "/Users/jesusgallegosontiveros/Documents/Proyectos/scraper/idse_incapacidades.py", line 196, in iniciar_sesion
    driver.execute_script("arguments[0].value = arguments[1];", campo, creds["RUTA_CER"])
    ~~~~~~~~~~~~~~~~~~~~~^^^^^^^^^^^^^^^^^^^^^^^^^^^^^^^^^^^^^^^^^^^^^^^^^^^^^^^^^^^^^^^^
  File "/Users/jesusgallegosontiveros/Documents/Proyectos/idse_scraper/.venv/lib/python3.14/site-packages/selenium/webdriver/remote/webdriver.py", line 532, in execute_script
    return self.execute(command, {"script": script, "args": converted_args})["value"]
           ~~~~~~~~~~~~^^^^^^^^^^^^^^^^^^^^^^^^^^^^^^^^^^^^^^^^^^^^^^^^^^^^^
  File "/Users/jesusgallegosontiveros/Documents/Proyectos/idse_scraper/.venv/lib/python3.14/site-packages/selenium/webdriver/remote/webdriver.py", line 446, in execute
    self.error_handler.check_response(response)
    ~~~~~~~~~~~~~~~~~~~~~~~~~~~~~~~~~^^^^^^^^^^
  File "/Users/jesusgallegosontiveros/Documents/Proyectos/idse_scraper/.venv/lib/python3.14/site-packages/selenium/webdriver/remote/errorhandler.py", line 232, in check_response
    raise exception_class(message, screen, stacktrace)
selenium.common.exceptions.ElementNotInteractableException: Message: element not interactable: Failed to set the 'value' property on 'HTMLInputElement': This input element accepts a filename, which may only be programmatically set to the empty string.
  (Session info: MicrosoftEdge=145.0.3800.70); For documentation on this error, please visit: https://www.selenium.dev/documentation/webdriver/troubleshooting/errors#elementnotinteractableexception
Stacktrace:
0   msedgedriver                        0x0000000100a5bc80 msedgedriver + 6028416
1   msedgedriver                        0x0000000100a536f8 msedgedriver + 5994232
2   msedgedriver                        0x00000001004e931c msedgedriver + 316188
3   msedgedriver                        0x00000001004eef1c msedgedriver + 339740
4   msedgedriver                        0x00000001004f1770 msedgedriver + 350064
5   msedgedriver                        0x0000000100574a0c msedgedriver + 887308
6   msedgedriver                        0x0000000100573d30 msedgedriver + 884016
7   msedgedriver                        0x00000001005295a0 msedgedriver + 578976
8   msedgedriver                        0x0000000100a1648c msedgedriver + 5743756
9   msedgedriver                        0x0000000100a1a524 msedgedriver + 5760292
10  msedgedriver                        0x00000001009f9dec msedgedriver + 5627372
11  msedgedriver                        0x0000000100a1ad84 msedgedriver + 5762436
12  msedgedriver                        0x00000001009eae34 msedgedriver + 5566004
13  msedgedriver                        0x0000000100a40878 msedgedriver + 5916792
14  msedgedriver                        0x0000000100a4099c msedgedriver + 5917084
15  msedgedriver                        0x0000000100a532fc msedgedriver + 5993212
16  libsystem_pthread.dylib             0x0000000183ae5c08 _pthread_start + 136
17  libsystem_pthread.dylib             0x0000000183ae0ba8 thread_start + 8

2026-02-23 15:03:51,585 [INFO]   HTML guardado: /Users/jesusgallegosontiveros/Documents/Proyectos/scraper/debug/debug_error_20260223_150338.html
2026-02-23 15:03:51,668 [INFO] Navegador cerrado.
